<?xml version="1.0" encoding="UTF-8"?>
<!-- Generated by org.testng.reporters.JUnitReportReporter -->
<testsuite skipped="0" hostname="LAPTOP-ARDAERE4" name="com.dollardays.testcases.MenuTestCase" tests="8" failures="0" timestamp="2021-02-08T16:48:54 EST" time="208.945" errors="0">
  <testcase name="validate_Mobile_Menu" time="24.477" classname="com.dollardays.testcases.MenuTestCase"/>
  <system-out/>
  <testcase name="validate_Mobile_Menu" time="31.600" classname="com.dollardays.testcases.MenuTestCase"/>
  <system-out/>
  <testcase name="validate_Mobile_Menu" time="53.316" classname="com.dollardays.testcases.MenuTestCase"/>
  <system-out/>
  <testcase name="validate_Mobile_Menu" time="15.753" classname="com.dollardays.testcases.MenuTestCase"/>
  <system-out/>
  <testcase name="validate_Mobile_Menu" time="14.471" classname="com.dollardays.testcases.MenuTestCase"/>
  <system-out/>
  <testcase name="validate_Mobile_Menu" time="22.417" classname="com.dollardays.testcases.MenuTestCase"/>
  <system-out/>
  <testcase name="validate_Mobile_Menu" time="25.733" classname="com.dollardays.testcases.MenuTestCase"/>
  <system-out/>
  <testcase name="validate_Mobile_Menu" time="21.178" classname="com.dollardays.testcases.MenuTestCase"/>
  <system-out/>
</testsuite> <!-- com.dollardays.testcases.MenuTestCase -->
