<?xml version="1.0" encoding="UTF-8"?>
<!-- Generated by org.testng.reporters.JUnitReportReporter -->
<testsuite skipped="0" hostname="LAPTOP-ARDAERE4" name="com.dollardays.testcases.SearchTestcase" tests="1" failures="0" timestamp="2021-02-09T23:20:22 EST" time="19.037" errors="0">
  <testcase name="verifyShowMoreProductsClick" time="19.037" classname="com.dollardays.testcases.SearchTestcase"/>
  <system-out/>
</testsuite> <!-- com.dollardays.testcases.SearchTestcase -->
