<?xml version="1.0" encoding="UTF-8"?>
<!-- Generated by org.testng.reporters.JUnitReportReporter -->
<testsuite skipped="0" hostname="LAPTOP-ARDAERE4" name="com.dollardays.testcases.LoginTestcase" tests="1" failures="0" timestamp="2021-02-03T19:02:39 EST" time="17.341" errors="0">
  <testcase name="invokeLogin" time="17.341" classname="com.dollardays.testcases.LoginTestcase"/>
  <system-out/>
</testsuite> <!-- com.dollardays.testcases.LoginTestcase -->
