<?xml version="1.0" encoding="UTF-8"?>
<!-- Generated by org.testng.reporters.JUnitReportReporter -->
<testsuite skipped="0" hostname="LAPTOP-ARDAERE4" name="com.dollardays.testcases.SearchTestcase" tests="9" failures="0" timestamp="2021-02-15T08:31:00 EST" time="251.711" errors="0">
  <testcase name="searchWithInvalidDta" time="19.656" classname="com.dollardays.testcases.SearchTestcase"/>
  <system-out/>
  <testcase name="verifyLeftPaneItemClick" time="16.030" classname="com.dollardays.testcases.SearchTestcase"/>
  <system-out/>
  <testcase name="verifySearchbyleftPane" time="16.767" classname="com.dollardays.testcases.SearchTestcase"/>
  <system-out/>
  <testcase name="verifyLeftPaneMouseHover" time="12.420" classname="com.dollardays.testcases.SearchTestcase"/>
  <system-out/>
  <testcase name="searchPageWithNavigationLinks" time="123.155" classname="com.dollardays.testcases.SearchTestcase"/>
  <system-out/>
  <testcase name="searchWithValidDta" time="16.104" classname="com.dollardays.testcases.SearchTestcase"/>
  <system-out/>
  <testcase name="verifySearchField" time="15.219" classname="com.dollardays.testcases.SearchTestcase"/>
  <system-out/>
  <testcase name="verifyShowMoreProductsClick" time="15.763" classname="com.dollardays.testcases.SearchTestcase"/>
  <system-out/>
  <testcase name="verifyDefaultSearchResult" time="16.597" classname="com.dollardays.testcases.SearchTestcase"/>
  <system-out/>
</testsuite> <!-- com.dollardays.testcases.SearchTestcase -->
