<?xml version="1.0" encoding="UTF-8"?>
<!-- Generated by org.testng.reporters.JUnitReportReporter -->
<testsuite skipped="0" hostname="LAPTOP-ARDAERE4" name="com.dollardays.testcases.LogoutTestCase" tests="2" failures="0" timestamp="2021-02-02T18:57:22 EST" time="40.401" errors="0">
  <testcase name="invokeLogout" time="20.448" classname="com.dollardays.testcases.LogoutTestCase"/>
  <system-out/>
  <testcase name="invokeLogout" time="19.953" classname="com.dollardays.testcases.LogoutTestCase"/>
  <system-out/>
</testsuite> <!-- com.dollardays.testcases.LogoutTestCase -->
