<?xml version="1.0" encoding="UTF-8"?>
<!-- Generated by org.testng.reporters.JUnitReportReporter -->
<testsuite skipped="0" hostname="LAPTOP-ARDAERE4" name="com.dollardays.testcases.LogoutTestCase" tests="2" failures="0" timestamp="2021-02-03T19:02:39 EST" time="35.515" errors="0">
  <testcase name="invokeLogout" time="16.359" classname="com.dollardays.testcases.LogoutTestCase"/>
  <system-out/>
  <testcase name="invokeLogout" time="19.156" classname="com.dollardays.testcases.LogoutTestCase"/>
  <system-out/>
</testsuite> <!-- com.dollardays.testcases.LogoutTestCase -->
