<?xml version="1.0" encoding="UTF-8"?>
<!-- Generated by org.testng.reporters.JUnitReportReporter -->
<testsuite skipped="2" hostname="LAPTOP-ARDAERE4" name="com.dollardays.testcases.TaxExemptTestcase" tests="4" failures="0" timestamp="2021-02-15T22:48:52 EST" time="66.774" errors="0">
  <testcase name="taxExempt_ExcepTaxID_AllFields_Empty" time="28.925" classname="com.dollardays.testcases.TaxExemptTestcase"/>
  <system-out/>
  <testcase name="ValidateTaxExemptRequiredFields" time="20.445" classname="com.dollardays.testcases.TaxExemptTestcase">
    <skipped/>
  </testcase> <!-- ValidateTaxExemptRequiredFields -->
  <system-out/>
  <testcase name="taxExempt_ExcepState_AllFields_Empty" time="17.404" classname="com.dollardays.testcases.TaxExemptTestcase"/>
  <system-out/>
  <testcase name="taxExempt_ValidateTaxExemptRequiredFields" time="0.000" classname="com.dollardays.testcases.TaxExemptTestcase">
    <skipped/>
  </testcase> <!-- taxExempt_ValidateTaxExemptRequiredFields -->
  <system-out/>
</testsuite> <!-- com.dollardays.testcases.TaxExemptTestcase -->
