<?xml version="1.0" encoding="UTF-8"?>
<!-- Generated by org.testng.reporters.JUnitReportReporter -->
<testsuite skipped="5" hostname="LAPTOP-ARDAERE4" name="com.dollardays.testcases.SubmitRequestTestcase" tests="10" failures="0" timestamp="2021-02-15T08:31:00 EST" time="117.948" errors="0">
  <testcase name="SubmitRequest_VerifyDefaultEmail_Value" time="25.371" classname="com.dollardays.testcases.SubmitRequestTestcase"/>
  <system-out/>
  <testcase name="submitRequest_AllFields_Empty" time="10.527" classname="com.dollardays.testcases.SubmitRequestTestcase">
    <skipped/>
  </testcase> <!-- submitRequest_AllFields_Empty -->
  <system-out/>
  <testcase name="SubmitRequest_ExceptEmail_AllFields_Empty" time="10.477" classname="com.dollardays.testcases.SubmitRequestTestcase">
    <skipped/>
  </testcase> <!-- SubmitRequest_ExceptEmail_AllFields_Empty -->
  <system-out/>
  <testcase name="SubmitRequest_VerifyPageHeaderMsg" time="20.486" classname="com.dollardays.testcases.SubmitRequestTestcase"/>
  <system-out/>
  <testcase name="SubmitRequest_VerifyPageloading" time="23.267" classname="com.dollardays.testcases.SubmitRequestTestcase"/>
  <system-out/>
  <testcase name="SubmitRequest_VerifyCaptcha" time="13.752" classname="com.dollardays.testcases.SubmitRequestTestcase"/>
  <system-out/>
  <testcase name="SubmitRequest_SubmitPage" time="0.000" classname="com.dollardays.testcases.SubmitRequestTestcase">
    <skipped/>
  </testcase> <!-- SubmitRequest_SubmitPage -->
  <system-out/>
  <testcase name="SubmitRequest_ExceptMsg_AllFields_Empty" time="0.000" classname="com.dollardays.testcases.SubmitRequestTestcase">
    <skipped/>
  </testcase> <!-- SubmitRequest_ExceptMsg_AllFields_Empty -->
  <system-out/>
  <testcase name="SubmitRequest_ExceptRequestType_AllFields_Empty" time="0.000" classname="com.dollardays.testcases.SubmitRequestTestcase">
    <skipped/>
  </testcase> <!-- SubmitRequest_ExceptRequestType_AllFields_Empty -->
  <system-out/>
  <testcase name="SubmitRequest_VerifyPageHeaderTitle" time="14.068" classname="com.dollardays.testcases.SubmitRequestTestcase"/>
  <system-out/>
</testsuite> <!-- com.dollardays.testcases.SubmitRequestTestcase -->
