<?xml version="1.0" encoding="UTF-8"?>
<!-- Generated by org.testng.reporters.JUnitReportReporter -->
<testsuite skipped="0" hostname="LAPTOP-ARDAERE4" name="com.dollardays.testcases.SubmitRequestTest" tests="6" failures="0" timestamp="2021-02-03T19:02:39 EST" time="130.494" errors="0">
  <testcase name="validate_SubmitRequest_WebPage" time="24.250" classname="com.dollardays.testcases.SubmitRequestTest"/>
  <system-out/>
  <testcase name="validate_SubmitRequest_WebPage" time="23.100" classname="com.dollardays.testcases.SubmitRequestTest"/>
  <system-out/>
  <testcase name="validate_SubmitRequest_WebPage" time="17.943" classname="com.dollardays.testcases.SubmitRequestTest"/>
  <system-out/>
  <testcase name="validate_SubmitRequest_WebPage" time="18.494" classname="com.dollardays.testcases.SubmitRequestTest"/>
  <system-out/>
  <testcase name="validate_SubmitRequest_WebPage" time="22.554" classname="com.dollardays.testcases.SubmitRequestTest"/>
  <system-out/>
  <testcase name="validate_SubmitRequest_WebPage" time="24.153" classname="com.dollardays.testcases.SubmitRequestTest"/>
  <system-out/>
</testsuite> <!-- com.dollardays.testcases.SubmitRequestTest -->
