<?xml version="1.0" encoding="UTF-8"?>
<!-- Generated by org.testng.reporters.JUnitReportReporter -->
<testsuite skipped="0" hostname="LAPTOP-ARDAERE4" name="com.dollardays.testcases.TaxExemptTestcase" tests="9" failures="0" timestamp="2021-02-16T15:05:58 EST" time="251.455" errors="0">
  <testcase name="taxExempt_Validate_AllRequiredField" time="32.523" classname="com.dollardays.testcases.TaxExemptTestcase"/>
  <system-out/>
  <testcase name="taxExempt_ExcepTaxIDandState_AllFields_Empty" time="32.497" classname="com.dollardays.testcases.TaxExemptTestcase"/>
  <system-out/>
  <testcase name="taxExempt_StateandTaxID_Empty" time="27.805" classname="com.dollardays.testcases.TaxExemptTestcase"/>
  <system-out/>
  <testcase name="taxExempt_Upload_WrongFileFormat" time="28.238" classname="com.dollardays.testcases.TaxExemptTestcase"/>
  <system-out/>
  <testcase name="taxExempt_ValidateTaxExemptRequiredFields" time="24.471" classname="com.dollardays.testcases.TaxExemptTestcase"/>
  <system-out/>
  <testcase name="taxExempt_ExcepExpiryDate_AllFields_Empty" time="26.561" classname="com.dollardays.testcases.TaxExemptTestcase"/>
  <system-out/>
  <testcase name="taxExempt_ExpiryDateandState_Empty" time="28.758" classname="com.dollardays.testcases.TaxExemptTestcase"/>
  <system-out/>
  <testcase name="taxExempt_ExcepState_AllFields_Empty" time="23.353" classname="com.dollardays.testcases.TaxExemptTestcase"/>
  <system-out/>
  <testcase name="taxExempt_ExcepTaxID_AllFields_Empty" time="27.249" classname="com.dollardays.testcases.TaxExemptTestcase"/>
  <system-out/>
</testsuite> <!-- com.dollardays.testcases.TaxExemptTestcase -->
