<?xml version="1.0" encoding="UTF-8"?>
<!-- Generated by org.testng.reporters.JUnitReportReporter -->
<testsuite skipped="0" hostname="LAPTOP-ARDAERE4" name="com.dollardays.testcases.MenuTestcase" tests="8" failures="0" timestamp="2021-02-15T08:31:00 EST" time="219.065" errors="0">
  <testcase name="menu_AddItemToCart_withoutLogin" time="15.341" classname="com.dollardays.testcases.MenuTestcase"/>
  <system-out/>
  <testcase name="menu_Verify_NoOfItemPerPage" time="29.952" classname="com.dollardays.testcases.MenuTestcase"/>
  <system-out/>
  <testcase name="menu_Verify_Paging" time="60.314" classname="com.dollardays.testcases.MenuTestcase"/>
  <system-out/>
  <testcase name="menu_AddItemtoCart" time="22.476" classname="com.dollardays.testcases.MenuTestcase"/>
  <system-out/>
  <testcase name="menu_VerifySubCategories" time="23.134" classname="com.dollardays.testcases.MenuTestcase"/>
  <system-out/>
  <testcase name="menu_ValidateSorting" time="29.324" classname="com.dollardays.testcases.MenuTestcase"/>
  <system-out/>
  <testcase name="menu_VerifyShopAllBtn" time="24.055" classname="com.dollardays.testcases.MenuTestcase"/>
  <system-out/>
  <testcase name="menu_VerifyMenuItems" time="14.469" classname="com.dollardays.testcases.MenuTestcase"/>
  <system-out/>
</testsuite> <!-- com.dollardays.testcases.MenuTestcase -->
