<?xml version="1.0" encoding="UTF-8"?>
<!-- Generated by org.testng.reporters.JUnitReportReporter -->
<testsuite hostname="LAPTOP-ARDAERE4" failures="0" tests="1" name="com.dollardays.testcases.ExamleTestcase" time="20.224" errors="0" timestamp="2021-01-21T18:53:22 EST" skipped="0">
  <testcase classname="com.dollardays.testcases.ExamleTestcase" name="login" time="20.224"/>
  <system-out/>
</testsuite> <!-- com.dollardays.testcases.ExamleTestcase -->
