<?xml version="1.0" encoding="UTF-8"?>
<!-- Generated by org.testng.reporters.JUnitReportReporter -->
<testsuite skipped="0" hostname="LAPTOP-ARDAERE4" name="com.dollardays.testcases.SearchTestcase" tests="1" failures="0" timestamp="2021-02-09T17:22:34 EST" time="20.349" errors="0">
  <testcase name="VerifyLeftPaneMouseHover" time="20.349" classname="com.dollardays.testcases.SearchTestcase"/>
  <system-out/>
</testsuite> <!-- com.dollardays.testcases.SearchTestcase -->
