<?xml version="1.0" encoding="UTF-8"?>
<!-- Generated by org.testng.reporters.JUnitReportReporter -->
<testsuite skipped="5" hostname="LAPTOP-ARDAERE4" name="com.dollardays.testcases.SubmitRequestTest" tests="10" failures="0" timestamp="2021-02-13T21:19:57 EST" time="112.593" errors="0">
  <testcase name="SubmitRequest_VerifyPageHeaderMsg" time="20.496" classname="com.dollardays.testcases.SubmitRequestTest"/>
  <system-out/>
  <testcase name="SubmitRequest_VerifyDefaultEmail_Value" time="27.720" classname="com.dollardays.testcases.SubmitRequestTest"/>
  <system-out/>
  <testcase name="SubmitRequest_ExceptMsg_AllFields_Empty" time="10.312" classname="com.dollardays.testcases.SubmitRequestTest">
    <skipped/>
  </testcase> <!-- SubmitRequest_ExceptMsg_AllFields_Empty -->
  <system-out/>
  <testcase name="SubmitRequest_ExceptRequestType_AllFields_Empty" time="6.331" classname="com.dollardays.testcases.SubmitRequestTest">
    <skipped/>
  </testcase> <!-- SubmitRequest_ExceptRequestType_AllFields_Empty -->
  <system-out/>
  <testcase name="SubmitRequest_VerifyCaptcha" time="20.524" classname="com.dollardays.testcases.SubmitRequestTest"/>
  <system-out/>
  <testcase name="SubmitRequest_VerifyPageloading" time="13.268" classname="com.dollardays.testcases.SubmitRequestTest"/>
  <system-out/>
  <testcase name="SubmitRequest_ExceptEmail_AllFields_Empty" time="0.000" classname="com.dollardays.testcases.SubmitRequestTest">
    <skipped/>
  </testcase> <!-- SubmitRequest_ExceptEmail_AllFields_Empty -->
  <system-out/>
  <testcase name="SubmitRequest_SubmitPage" time="0.000" classname="com.dollardays.testcases.SubmitRequestTest">
    <skipped/>
  </testcase> <!-- SubmitRequest_SubmitPage -->
  <system-out/>
  <testcase name="submitRequest_AllFields_Empty" time="0.000" classname="com.dollardays.testcases.SubmitRequestTest">
    <skipped/>
  </testcase> <!-- submitRequest_AllFields_Empty -->
  <system-out/>
  <testcase name="SubmitRequest_VerifyPageHeaderTitle" time="13.942" classname="com.dollardays.testcases.SubmitRequestTest"/>
  <system-out/>
</testsuite> <!-- com.dollardays.testcases.SubmitRequestTest -->
