<?xml version="1.0" encoding="UTF-8"?>
<!-- Generated by org.testng.reporters.JUnitReportReporter -->
<testsuite skipped="0" hostname="LAPTOP-ARDAERE4" name="com.dollardays.testcases.MenuTestCase" tests="1" failures="0" timestamp="2021-02-07T22:10:33 EST" time="34.828" errors="0">
  <testcase name="validate_Mobile_Menu" time="34.828" classname="com.dollardays.testcases.MenuTestCase"/>
  <system-out/>
</testsuite> <!-- com.dollardays.testcases.MenuTestCase -->
