<?xml version="1.0" encoding="UTF-8"?>
<!-- Generated by org.testng.reporters.JUnitReportReporter -->
<testsuite hostname="LAPTOP-ARDAERE4" failures="0" tests="6" name="com.dollardays.testcases.DefaultPaymentMethodScript" time="176.794" errors="0" timestamp="2021-01-21T21:17:23 EST" skipped="0">
  <testcase classname="com.dollardays.testcases.DefaultPaymentMethodScript" name="VerifyDCEditClick" time="25.652"/>
  <system-out/>
  <testcase classname="com.dollardays.testcases.DefaultPaymentMethodScript" name="VerifyCardVisible" time="38.338"/>
  <system-out/>
  <testcase classname="com.dollardays.testcases.DefaultPaymentMethodScript" name="VerifyClickAddNewCard" time="25.719"/>
  <system-out/>
  <testcase classname="com.dollardays.testcases.DefaultPaymentMethodScript" name="VerifySetDefaultCard" time="29.509"/>
  <system-out/>
  <testcase classname="com.dollardays.testcases.DefaultPaymentMethodScript" name="VerifyEditOnCard" time="27.684"/>
  <system-out/>
  <testcase classname="com.dollardays.testcases.DefaultPaymentMethodScript" name="VerifyDeleteCard" time="29.892"/>
  <system-out/>
</testsuite> <!-- com.dollardays.testcases.DefaultPaymentMethodScript -->
