<?xml version="1.0" encoding="UTF-8"?>
<!-- Generated by org.testng.reporters.JUnitReportReporter -->
<testsuite skipped="0" hostname="LAPTOP-ARDAERE4" name="com.dollardays.testcases.LogoutTestcase" tests="2" failures="0" timestamp="2021-02-15T08:31:00 EST" time="40.429" errors="0">
  <testcase name="logout_AccountPage" time="24.917" classname="com.dollardays.testcases.LogoutTestcase"/>
  <system-out/>
  <testcase name="logout_HomePage" time="15.512" classname="com.dollardays.testcases.LogoutTestcase"/>
  <system-out/>
</testsuite> <!-- com.dollardays.testcases.LogoutTestcase -->
