<?xml version="1.0" encoding="UTF-8"?>
<!-- Generated by org.testng.reporters.JUnitReportReporter -->
<testsuite skipped="0" hostname="LAPTOP-ARDAERE4" name="com.dollardays.testcases.LoginTestcase" tests="1" failures="0" timestamp="2021-02-15T08:31:00 EST" time="16.117" errors="0">
  <testcase name="invokeLogin" time="16.117" classname="com.dollardays.testcases.LoginTestcase"/>
  <system-out/>
</testsuite> <!-- com.dollardays.testcases.LoginTestcase -->
